2025-04-04 08:39:30.802796 - Received CBT.V508.FILE371.PDS from FILE371.XMI 
2025-04-04 08:39:30.804625 - Found ADMUSP6.bin (application/octet-stream) in CBT.V508.FILE371.PDS, moved to PDS/ADMUSP6
2025-04-04 08:39:30.804791 - Found ALLOCGDG.bin (application/octet-stream) in CBT.V508.FILE371.PDS, moved to PDS/ALLOCGDG
2025-04-04 08:39:30.804939 - Found CATBYVOL.bin (application/octet-stream) in CBT.V508.FILE371.PDS, moved to PDS/CATBYVOL
2025-04-04 08:39:30.805272 - Found CHKBLOCK.bin (application/octet-stream) in CBT.V508.FILE371.PDS, moved to PDS/CHKBLOCK
2025-04-04 08:39:30.805401 - Found CLRSPFIO.bin (application/octet-stream) in CBT.V508.FILE371.PDS, moved to PDS/CLRSPFIO
2025-04-04 08:39:30.805523 - Found CNTLCRT.bin (application/octet-stream) in CBT.V508.FILE371.PDS, moved to PDS/CNTLCRT
2025-04-04 08:39:30.805650 - Found CNV2GREG.bin (application/octet-stream) in CBT.V508.FILE371.PDS, moved to PDS/CNV2GREG
2025-04-04 08:39:30.805779 - Found COMMANDR.bin (application/octet-stream) in CBT.V508.FILE371.PDS, moved to PDS/COMMANDR
2025-04-04 08:39:30.805895 - Found CONCATEM.bin (application/octet-stream) in CBT.V508.FILE371.PDS, moved to PDS/CONCATEM
2025-04-04 08:39:30.806018 - Found CONVDATE.bin (application/octet-stream) in CBT.V508.FILE371.PDS, moved to PDS/CONVDATE
2025-04-04 08:39:30.806138 - Found CRY.bin (application/octet-stream) in CBT.V508.FILE371.PDS, moved to PDS/CRY
2025-04-04 08:39:30.806258 - Found DATASTAT.bin (application/octet-stream) in CBT.V508.FILE371.PDS, moved to PDS/DATASTAT
2025-04-04 08:39:30.806387 - Found DATE.bin (application/octet-stream) in CBT.V508.FILE371.PDS, moved to PDS/DATE
2025-04-04 08:39:30.806550 - Found DATECONV.bin (application/octet-stream) in CBT.V508.FILE371.PDS, moved to PDS/DATECONV
2025-04-04 08:39:30.806672 - Found DDNTODSN.bin (application/octet-stream) in CBT.V508.FILE371.PDS, moved to PDS/DDNTODSN
2025-04-04 08:39:30.806840 - Found DENQ.bin (application/octet-stream) in CBT.V508.FILE371.PDS, moved to PDS/DENQ
2025-04-04 08:39:30.806966 - Found DSNQ.bin (application/octet-stream) in CBT.V508.FILE371.PDS, moved to PDS/DSNQ
2025-04-04 08:39:30.807098 - Found DSNTAB.bin (application/octet-stream) in CBT.V508.FILE371.PDS, moved to PDS/DSNTAB
2025-04-04 08:39:30.807157 - Found alias DSTYPE to DATASTAT in CBT.V508.FILE371.PDS, moved to PDS/DSTYPE
2025-04-04 08:39:30.807288 - Found ENQ2LOAD.bin (application/octet-stream) in CBT.V508.FILE371.PDS, moved to PDS/ENQ2LOAD
2025-04-04 08:39:30.807438 - Found FILEATTR.bin (application/octet-stream) in CBT.V508.FILE371.PDS, moved to PDS/FILEATTR
2025-04-04 08:39:30.807575 - Found FILEINFO.bin (application/octet-stream) in CBT.V508.FILE371.PDS, moved to PDS/FILEINFO
2025-04-04 08:39:30.807628 - Found alias FILESTAT to IFCAT in CBT.V508.FILE371.PDS, moved to PDS/FILESTAT
2025-04-04 08:39:30.807751 - Found FILEUSE.bin (application/octet-stream) in CBT.V508.FILE371.PDS, moved to PDS/FILEUSE
2025-04-04 08:39:30.807889 - Found FILSPACE.bin (application/octet-stream) in CBT.V508.FILE371.PDS, moved to PDS/FILSPACE
2025-04-04 08:39:30.808013 - Found FINDMEM.bin (application/octet-stream) in CBT.V508.FILE371.PDS, moved to PDS/FINDMEM
2025-04-04 08:39:30.808135 - Found FINDTTR.bin (application/octet-stream) in CBT.V508.FILE371.PDS, moved to PDS/FINDTTR
2025-04-04 08:39:30.808258 - Found FULLSCR3.bin (application/octet-stream) in CBT.V508.FILE371.PDS, moved to PDS/FULLSCR3
2025-04-04 08:39:30.808386 - Found GETDSCB1.bin (application/octet-stream) in CBT.V508.FILE371.PDS, moved to PDS/GETDSCB1
2025-04-04 08:39:30.808513 - Found HEXTRAN.bin (application/octet-stream) in CBT.V508.FILE371.PDS, moved to PDS/HEXTRAN
2025-04-04 08:39:30.808651 - Found IFALC.bin (application/octet-stream) in CBT.V508.FILE371.PDS, moved to PDS/IFALC
2025-04-04 08:39:30.808779 - Found IFCAT.bin (application/octet-stream) in CBT.V508.FILE371.PDS, moved to PDS/IFCAT
2025-04-04 08:39:30.808950 - Found IKJUPDT.bin (application/octet-stream) in CBT.V508.FILE371.PDS, moved to PDS/IKJUPDT
2025-04-04 08:39:30.809073 - Found INDEX.bin (application/octet-stream) in CBT.V508.FILE371.PDS, moved to PDS/INDEX
2025-04-04 08:39:30.809194 - Found INTRDR.bin (application/octet-stream) in CBT.V508.FILE371.PDS, moved to PDS/INTRDR
2025-04-04 08:39:30.809313 - Found ISPCDSN.bin (application/octet-stream) in CBT.V508.FILE371.PDS, moved to PDS/ISPCDSN
2025-04-04 08:39:30.809370 - Found alias ISPDPX to SPFEXEC in CBT.V508.FILE371.PDS, moved to PDS/ISPDPX
2025-04-04 08:39:30.809491 - Found JTOSCONV.bin (application/octet-stream) in CBT.V508.FILE371.PDS, moved to PDS/JTOSCONV
2025-04-04 08:39:30.809623 - Found JTOSDATE.bin (application/octet-stream) in CBT.V508.FILE371.PDS, moved to PDS/JTOSDATE
2025-04-04 08:39:30.809744 - Found KEYEX.bin (application/octet-stream) in CBT.V508.FILE371.PDS, moved to PDS/KEYEX
2025-04-04 08:39:30.809871 - Found KMDPARS.bin (application/octet-stream) in CBT.V508.FILE371.PDS, moved to PDS/KMDPARS
2025-04-04 08:39:30.810012 - Found LISTMEMS.bin (application/octet-stream) in CBT.V508.FILE371.PDS, moved to PDS/LISTMEMS
2025-04-04 08:39:30.810140 - Found LISTPDS.bin (application/octet-stream) in CBT.V508.FILE371.PDS, moved to PDS/LISTPDS
2025-04-04 08:39:30.810267 - Found LISTPDSO.bin (application/octet-stream) in CBT.V508.FILE371.PDS, moved to PDS/LISTPDSO
2025-04-04 08:39:30.810387 - Found LOADEXTR.bin (application/octet-stream) in CBT.V508.FILE371.PDS, moved to PDS/LOADEXTR
2025-04-04 08:39:30.810521 - Found LOADPRNT.bin (application/octet-stream) in CBT.V508.FILE371.PDS, moved to PDS/LOADPRNT
2025-04-04 08:39:30.810655 - Found LOCATE.bin (application/octet-stream) in CBT.V508.FILE371.PDS, moved to PDS/LOCATE
2025-04-04 08:39:30.810788 - Found LPRTQ.bin (application/octet-stream) in CBT.V508.FILE371.PDS, moved to PDS/LPRTQ
2025-04-04 08:39:30.810912 - Found MEMSTAT.bin (application/octet-stream) in CBT.V508.FILE371.PDS, moved to PDS/MEMSTAT
2025-04-04 08:39:30.811041 - Found NEWMWILE.bin (application/octet-stream) in CBT.V508.FILE371.PDS, moved to PDS/NEWMWILE
2025-04-04 08:39:30.811174 - Found NEWWAIT.bin (application/octet-stream) in CBT.V508.FILE371.PDS, moved to PDS/NEWWAIT
2025-04-04 08:39:30.811298 - Found NEXTGEN.bin (application/octet-stream) in CBT.V508.FILE371.PDS, moved to PDS/NEXTGEN
2025-04-04 08:39:30.811425 - Found OPERSCAN.bin (application/octet-stream) in CBT.V508.FILE371.PDS, moved to PDS/OPERSCAN
2025-04-04 08:39:30.811479 - Found alias PANLEXIT to SPFEXEC in CBT.V508.FILE371.PDS, moved to PDS/PANLEXIT
2025-04-04 08:39:30.811604 - Found PARMCNVS.bin (application/octet-stream) in CBT.V508.FILE371.PDS, moved to PDS/PARMCNVS
2025-04-04 08:39:30.811743 - Found PASSDEST.bin (application/octet-stream) in CBT.V508.FILE371.PDS, moved to PDS/PASSDEST
2025-04-04 08:39:30.811864 - Found PASSDSCB.bin (application/octet-stream) in CBT.V508.FILE371.PDS, moved to PDS/PASSDSCB
2025-04-04 08:39:30.811985 - Found PDSLOAD.bin (application/octet-stream) in CBT.V508.FILE371.PDS, moved to PDS/PDSLOAD
2025-04-04 08:39:30.812119 - Found PDSLOADO.bin (application/octet-stream) in CBT.V508.FILE371.PDS, moved to PDS/PDSLOADO
2025-04-04 08:39:30.812234 - Found PROGDQUE.bin (application/octet-stream) in CBT.V508.FILE371.PDS, moved to PDS/PROGDQUE
2025-04-04 08:39:30.812361 - Found P33PARM.bin (application/octet-stream) in CBT.V508.FILE371.PDS, moved to PDS/P33PARM
2025-04-04 08:39:30.812483 - Found RANDOM.bin (application/octet-stream) in CBT.V508.FILE371.PDS, moved to PDS/RANDOM
2025-04-04 08:39:30.812606 - Found RELSEQ.bin (application/octet-stream) in CBT.V508.FILE371.PDS, moved to PDS/RELSEQ
2025-04-04 08:39:30.812738 - Found REPROENQ.bin (application/octet-stream) in CBT.V508.FILE371.PDS, moved to PDS/REPROENQ
2025-04-04 08:39:30.812872 - Found RETJOBID.bin (application/octet-stream) in CBT.V508.FILE371.PDS, moved to PDS/RETJOBID
2025-04-04 08:39:30.813007 - Found RTSO.bin (application/octet-stream) in CBT.V508.FILE371.PDS, moved to PDS/RTSO
2025-04-04 08:39:30.813129 - Found SERLCONV.bin (application/octet-stream) in CBT.V508.FILE371.PDS, moved to PDS/SERLCONV
2025-04-04 08:39:30.813261 - Found SETVAR.bin (application/octet-stream) in CBT.V508.FILE371.PDS, moved to PDS/SETVAR
2025-04-04 08:39:30.813378 - Found SIMKOMM.bin (application/octet-stream) in CBT.V508.FILE371.PDS, moved to PDS/SIMKOMM
2025-04-04 08:39:30.813499 - Found SIMLKOMM.bin (application/octet-stream) in CBT.V508.FILE371.PDS, moved to PDS/SIMLKOMM
2025-04-04 08:39:30.813620 - Found SMF64EXT.bin (application/octet-stream) in CBT.V508.FILE371.PDS, moved to PDS/SMF64EXT
2025-04-04 08:39:30.813745 - Found SMF74MOD.bin (application/octet-stream) in CBT.V508.FILE371.PDS, moved to PDS/SMF74MOD
2025-04-04 08:39:30.813816 - Found alias SPF to SPFEXEC in CBT.V508.FILE371.PDS, moved to PDS/SPF
2025-04-04 08:39:30.813943 - Found SPFEXEC.bin (application/octet-stream) in CBT.V508.FILE371.PDS, moved to PDS/SPFEXEC
2025-04-04 08:39:30.814060 - Found STACK.bin (application/octet-stream) in CBT.V508.FILE371.PDS, moved to PDS/STACK
2025-04-04 08:39:30.814182 - Found STOJCONV.bin (application/octet-stream) in CBT.V508.FILE371.PDS, moved to PDS/STOJCONV
2025-04-04 08:39:30.814306 - Found STOJDATE.bin (application/octet-stream) in CBT.V508.FILE371.PDS, moved to PDS/STOJDATE
2025-04-04 08:39:30.814426 - Found SUBEX.bin (application/octet-stream) in CBT.V508.FILE371.PDS, moved to PDS/SUBEX
2025-04-04 08:39:30.814540 - Found SYSOUT.bin (application/octet-stream) in CBT.V508.FILE371.PDS, moved to PDS/SYSOUT
2025-04-04 08:39:30.814661 - Found TASKMON.bin (application/octet-stream) in CBT.V508.FILE371.PDS, moved to PDS/TASKMON
2025-04-04 08:39:30.814783 - Found TBLHNDLR.bin (application/octet-stream) in CBT.V508.FILE371.PDS, moved to PDS/TBLHNDLR
2025-04-04 08:39:30.814910 - Found TERMTYPE.bin (application/octet-stream) in CBT.V508.FILE371.PDS, moved to PDS/TERMTYPE
2025-04-04 08:39:30.815052 - Found TIMECOND.bin (application/octet-stream) in CBT.V508.FILE371.PDS, moved to PDS/TIMECOND
2025-04-04 08:39:30.815192 - Found TIMEDATE.bin (application/octet-stream) in CBT.V508.FILE371.PDS, moved to PDS/TIMEDATE
2025-04-04 08:39:30.815310 - Found UCBMAP.bin (application/octet-stream) in CBT.V508.FILE371.PDS, moved to PDS/UCBMAP
2025-04-04 08:39:30.815425 - Found U3011195.bin (application/octet-stream) in CBT.V508.FILE371.PDS, moved to PDS/U3011195
2025-04-04 08:39:30.815554 - Found U3511195.bin (application/octet-stream) in CBT.V508.FILE371.PDS, moved to PDS/U3511195
2025-04-04 08:39:30.815673 - Found VOL2DEVT.bin (application/octet-stream) in CBT.V508.FILE371.PDS, moved to PDS/VOL2DEVT
2025-04-04 08:39:30.815788 - Found VSAMSCAN.bin (application/octet-stream) in CBT.V508.FILE371.PDS, moved to PDS/VSAMSCAN
2025-04-04 08:39:30.815903 - Found WATDSN.bin (application/octet-stream) in CBT.V508.FILE371.PDS, moved to PDS/WATDSN
2025-04-04 08:39:30.816032 - Found WHATDSN.bin (application/octet-stream) in CBT.V508.FILE371.PDS, moved to PDS/WHATDSN
2025-04-04 08:39:30.816159 - Found WTLPARM.bin (application/octet-stream) in CBT.V508.FILE371.PDS, moved to PDS/WTLPARM
2025-04-04 08:39:30.816298 - Found WTOPARM.bin (application/octet-stream) in CBT.V508.FILE371.PDS, moved to PDS/WTOPARM
2025-04-04 08:39:30.816419 - Found WTORCOND.bin (application/octet-stream) in CBT.V508.FILE371.PDS, moved to PDS/WTORCOND
